21:43:21.348 [main] INFO  - Go to MyAccount-->click on login link
14:14:43.640 [main] INFO  - Go to MyAccount-->click on login link
14:15:48.774 [main] INFO  - Go to MyAccount-->click on login link
15:58:36.248 [main] INFO  - Goto my account-->Click on Login.. 
15:58:36.961 [main] INFO  - Entering email and password.. 
15:58:38.488 [main] INFO  - clicked on login button...
15:59:25.654 [main] INFO  - Goto my account-->Click on Login.. 
15:59:26.444 [main] INFO  - Entering email and password.. 
15:59:27.698 [main] INFO  - clicked on login button...
15:59:58.791 [main] INFO  - Goto my account-->Click on Login.. 
15:59:59.372 [main] INFO  - Entering email and password.. 
16:00:01.189 [main] INFO  - clicked on login button...
16:04:34.291 [main] INFO  - Go to MyAccount-->click on login link
16:06:46.727 [main] INFO  - Go to MyAccount-->click on login link
16:06:47.523 [main] INFO  - Enter valid credentials
16:06:47.896 [main] INFO  - Click on login button
16:06:48.797 [main] INFO  - Verify MyAccount page exists or not
16:07:40.498 [main] INFO  - Go to MyAccount-->click on login link
16:07:41.222 [main] INFO  - Enter valid credentials
16:07:41.545 [main] INFO  - Click on login button
16:07:42.445 [main] INFO  - Verify MyAccount page exists or not
16:07:57.841 [main] INFO  - Go to MyAccount-->click on login link
16:07:58.592 [main] INFO  - Enter valid credentials
16:07:58.967 [main] INFO  - Click on login button
16:07:59.857 [main] INFO  - Verify MyAccount page exists or not
16:08:24.355 [main] INFO  - Go to MyAccount-->click on login link
16:08:24.981 [main] INFO  - Enter valid credentials
16:08:25.535 [main] INFO  - Click on login button
16:08:26.404 [main] INFO  - Verify MyAccount page exists or not
16:08:45.144 [main] INFO  - Go to MyAccount-->click on login link
16:08:45.732 [main] INFO  - Enter valid credentials
16:08:46.243 [main] INFO  - Click on login button
16:08:47.127 [main] INFO  - Verify MyAccount page exists or not
16:17:11.426 [main] INFO  - Go to MyAccount-->click on login link
16:17:12.043 [main] INFO  - Enter valid credentials
16:17:12.462 [main] INFO  - Click on login button
16:17:13.217 [main] INFO  - Verify MyAccount page exists or not
16:17:52.501 [main] INFO  - Go to MyAccount-->click on login link
16:17:53.155 [main] INFO  - Enter valid credentials
16:17:53.605 [main] INFO  - Click on login button
16:17:54.373 [main] INFO  - Verify MyAccount page exists or not
16:31:00.352 [main] INFO  - Go to MyAccount-->click on login link
16:31:01.199 [main] INFO  - Enter valid credentials
16:31:01.621 [main] INFO  - Click on login button
16:31:02.591 [main] INFO  - Verify MyAccount page exists or not
16:36:09.583 [main] INFO  - Go to MyAccount-->click on login link
16:36:10.324 [main] INFO  - Enter valid credentials
16:36:10.744 [main] INFO  - Click on login button
16:36:11.802 [main] INFO  - Verify MyAccount page exists or not
16:38:29.896 [main] INFO  - Go to MyAccount-->click on login link
16:38:30.476 [main] INFO  - Enter valid credentials
16:38:30.952 [main] INFO  - Click on login button
16:38:31.945 [main] INFO  - Verify MyAccount page exists or not
17:09:23.106 [main] INFO  - Go to MyAccount-->click on login link
17:09:23.758 [main] INFO  - Enter valid credentials
17:09:24.189 [main] INFO  - Click on login button
17:09:25.438 [main] INFO  - Verify MyAccount page exists or not
19:45:40.872 [main] INFO  - Go to MyAccount-->click on login link
19:45:41.632 [main] INFO  - Enter valid credentials
19:45:42.166 [main] INFO  - Click on login button
19:45:42.969 [main] INFO  - Verify MyAccount page exists or not
19:46:56.053 [main] INFO  - Go to MyAccount-->click on login link
19:46:56.703 [main] INFO  - Enter valid credentials
19:46:57.214 [main] INFO  - Click on login button
19:46:57.997 [main] INFO  - Verify MyAccount page exists or not
19:47:59.899 [main] INFO  - Go to MyAccount-->click on login link
19:48:00.616 [main] INFO  - Enter valid credentials
19:48:01.138 [main] INFO  - Click on login button
19:48:01.990 [main] INFO  - Verify MyAccount page exists or not
20:46:25.271 [main] INFO  - Go to MyAccount-->click on login link
20:46:26.171 [main] INFO  - Enter valid credentials
20:46:26.680 [main] INFO  - Click on login button
20:46:27.516 [main] INFO  - Verify MyAccount page exists or not
20:52:09.051 [main] INFO  - Go to MyAccount-->click on login link
20:52:10.193 [main] INFO  - Enter valid credentials
20:52:10.606 [main] INFO  - Click on login button
20:52:11.509 [main] INFO  - Verify MyAccount page exists or not
21:08:55.455 [main] INFO  - Go to MyAccount-->click on login link
21:08:56.395 [main] INFO  - Enter valid credentials
21:08:56.924 [main] INFO  - Click on login button
21:08:57.934 [main] INFO  - Verify MyAccount page exists or not
07:23:36.980 [main] INFO  - Go to MyAccount-->click on login link
07:23:37.457 [main] INFO  - Enter valid credentials
07:23:37.806 [main] INFO  - Click on login button
07:23:38.631 [main] INFO  - Verify MyAccount page exists or not
07:24:44.801 [main] INFO  - Go to MyAccount-->click on login link
07:24:45.473 [main] INFO  - Enter valid credentials
07:24:45.792 [main] INFO  - Click on login button
07:24:46.538 [main] INFO  - Verify MyAccount page exists or not
07:26:14.520 [main] INFO  - Go to MyAccount-->click on login link
07:26:15.038 [main] INFO  - Enter valid credentials
07:26:15.350 [main] INFO  - Click on login button
07:26:16.237 [main] INFO  - Verify MyAccount page exists or not
09:00:06.470 [main] INFO  - Go to MyAccount-->click on login link
09:00:07.076 [main] INFO  - Enter valid credentials
09:00:07.418 [main] INFO  - Click on login button
09:00:08.245 [main] INFO  - Verify MyAccount page exists or not
09:02:08.378 [main] INFO  - Go to MyAccount-->click on login link
09:02:09.100 [main] INFO  - Enter valid credentials
09:02:09.427 [main] INFO  - Click on login button
09:02:10.343 [main] INFO  - Verify MyAccount page exists or not
19:04:36.418 [main] INFO  - Go to MyAccount-->click on login link
19:06:20.068 [main] INFO  - Go to MyAccount-->click on login link
19:06:20.614 [main] INFO  - Enter valid credentials
19:06:20.954 [main] INFO  - Click on login button
19:06:21.964 [main] INFO  - Verify MyAccount page exists or not
19:38:43.732 [main] INFO  - Go to MyAccount-->click on login link
19:38:44.335 [main] INFO  - Enter valid credentials
19:38:44.652 [main] INFO  - Click on login button
19:38:45.594 [main] INFO  - Verify MyAccount page exists or not
19:38:50.627 [main] INFO  - Go to MyAccount-->click on login link
19:38:51.139 [main] INFO  - Enter valid credentials
19:38:51.563 [main] INFO  - Click on login button
19:38:52.192 [main] INFO  - Verify MyAccount page exists or not
15:24:07.089 [main] INFO  - Go to MyAccount-->click on login link
15:24:08.108 [main] DEBUG - Parsing relationship: /xl/_rels/workbook.xml.rels
15:24:08.113 [main] DEBUG - Parsing relationship: /xl/worksheets/_rels/sheet1.xml.rels
15:24:08.117 [main] DEBUG - Parsing relationship: /_rels/.rels
15:24:08.387 [main] TRACE - Loading type system org.apache.poi.schemas.ooxml.system.ooxml
15:24:08.395 [main] TRACE - Loading type system org.apache.xmlbeans.metadata.system.sXMLCONFIG
15:24:08.396 [main] TRACE - Loading type system org.apache.xmlbeans.metadata.system.sXMLLANG
15:24:08.397 [main] TRACE - Loading type system org.apache.xmlbeans.metadata.system.sXMLSCHEMA
15:24:08.398 [main] TRACE - Loading type system org.apache.xmlbeans.metadata.system.sXMLTOOLS
15:24:08.405 [main] TRACE - Reading unresolved handles for type system org.apache.xmlbeans.metadata.system.sXMLTOOLS
15:24:08.425 [main] TRACE - Finished loading type system org.apache.xmlbeans.metadata.system.sXMLTOOLS
15:24:08.426 [main] TRACE - Reading unresolved handles for type system org.apache.xmlbeans.metadata.system.sXMLSCHEMA
15:24:08.433 [main] TRACE - Finished loading type system org.apache.xmlbeans.metadata.system.sXMLSCHEMA
15:24:08.435 [main] TRACE - Reading unresolved handles for type system org.apache.xmlbeans.metadata.system.sXMLLANG
15:24:08.436 [main] TRACE - Finished loading type system org.apache.xmlbeans.metadata.system.sXMLLANG
15:24:08.437 [main] TRACE - Reading unresolved handles for type system org.apache.xmlbeans.metadata.system.sXMLCONFIG
15:24:08.438 [main] TRACE - Finished loading type system org.apache.xmlbeans.metadata.system.sXMLCONFIG
15:24:08.440 [main] TRACE - Reading unresolved handles for type system org.apache.poi.schemas.ooxml.system.ooxml
15:24:08.518 [main] TRACE - Finished loading type system org.apache.poi.schemas.ooxml.system.ooxml
15:24:08.519 [main] TRACE - Resolving type for handle themefd26doctype
15:24:08.608 [main] TRACE - Resolving type for handle sstf81fdoctype
15:24:08.616 [main] TRACE - Resolving type for handle ctsst44f3type
15:24:08.633 [main] TRACE - Resolving type for handle ctrsta472type
15:24:08.664 [main] TRACE - Resolving type for handle stylesheet5d8bdoctype
15:24:08.693 [main] TRACE - Resolving type for handle ctstylesheet4257type
15:24:08.700 [main] TRACE - Resolving type for handle ctnumfmtsb58btype
15:24:08.705 [main] TRACE - Resolving type for handle ctnumfmt3870type
15:24:08.708 [main] TRACE - Resolving type for handle stnumfmtid76fbtype
15:24:08.710 [main] TRACE - Resolving type for handle stxstringf179type
15:24:08.714 [main] TRACE - Resolving type for handle ctfonts6623type
15:24:08.719 [main] TRACE - Resolving type for handle ctfont14d8type
15:24:08.726 [main] TRACE - Resolving type for handle ctfills2c6ftype
15:24:08.730 [main] TRACE - Resolving type for handle ctfill550ctype
15:24:08.734 [main] TRACE - Resolving type for handle ctborders0d66type
15:24:08.738 [main] TRACE - Resolving type for handle ctborderf935type
15:24:08.742 [main] TRACE - Resolving type for handle ctcellxfs1322type
15:24:08.747 [main] TRACE - Resolving type for handle ctxf97f7type
15:24:08.751 [main] TRACE - Resolving type for handle ctcellstylexfsa81ftype
15:24:08.755 [main] TRACE - Resolving type for handle ctdxfsb26atype
15:24:08.759 [main] TRACE - Resolving type for handle ctdxfa3b1type
15:24:08.763 [main] TRACE - Resolving type for handle cttablestyles872ftype
15:24:08.769 [main] TRACE - Resolving type for handle cttablestylea24ctype
15:24:08.864 [main] TRACE - Resolving type for handle cttablestyleelementa658type
15:24:08.867 [main] TRACE - Resolving type for handle sttablestyletype9936type
15:24:08.873 [main] TRACE - Resolving type for handle stdxfid9fdctype
15:24:08.889 [main] TRACE - Resolving type for handle workbookec17doctype
15:24:08.895 [main] TRACE - Resolving type for handle ctworkbook83c3type
15:24:08.904 [main] TRACE - Resolving type for handle ctsheets49fdtype
15:24:08.909 [main] TRACE - Resolving type for handle ctsheet4dbetype
15:24:08.912 [main] TRACE - Resolving type for handle strelationshipid1e94type
15:24:08.915 [main] TRACE - Resolving type for handle worksheetf539doctype
15:24:08.931 [main] TRACE - Resolving type for handle ctworksheet530dtype
15:24:08.946 [main] TRACE - Resolving type for handle ctcols627ctype
15:24:08.951 [main] TRACE - Resolving type for handle ctcola95ftype
15:24:08.976 [main] TRACE - Resolving type for handle ctsheetdata8408type
15:24:08.981 [main] TRACE - Resolving type for handle ctrowdd39type
15:24:08.988 [main] TRACE - Resolving type for handle ctcell842btype
15:24:09.000 [main] TRACE - Resolving type for handle stcellrefe4e0type
15:24:09.008 [main] TRACE - Resolving type for handle cthyperlinks6416type
15:24:09.013 [main] TRACE - Resolving type for handle cthyperlink0c85type
15:24:09.032 [main] TRACE - Resolving type for handle stcelltypebf95type
15:24:14.294 [main] INFO  - Go to MyAccount-->click on login link
15:24:14.917 [main] DEBUG - Parsing relationship: /xl/_rels/workbook.xml.rels
15:24:14.920 [main] DEBUG - Parsing relationship: /xl/worksheets/_rels/sheet1.xml.rels
15:24:14.921 [main] DEBUG - Parsing relationship: /_rels/.rels
15:24:19.879 [main] INFO  - Go to MyAccount-->click on login link
15:24:20.596 [main] DEBUG - Parsing relationship: /xl/_rels/workbook.xml.rels
15:24:20.598 [main] DEBUG - Parsing relationship: /xl/worksheets/_rels/sheet1.xml.rels
15:24:20.604 [main] DEBUG - Parsing relationship: /_rels/.rels
15:24:25.677 [main] INFO  - Go to MyAccount-->click on login link
15:24:26.267 [main] DEBUG - Parsing relationship: /xl/_rels/workbook.xml.rels
15:24:26.274 [main] DEBUG - Parsing relationship: /xl/worksheets/_rels/sheet1.xml.rels
15:24:26.282 [main] DEBUG - Parsing relationship: /_rels/.rels
15:38:16.990 [main] INFO  - Go to MyAccount-->click on login link
15:38:17.763 [main] DEBUG - Parsing relationship: /xl/_rels/workbook.xml.rels
15:38:17.767 [main] DEBUG - Parsing relationship: /xl/worksheets/_rels/sheet1.xml.rels
15:38:17.771 [main] DEBUG - Parsing relationship: /_rels/.rels
15:38:18.047 [main] TRACE - Loading type system org.apache.poi.schemas.ooxml.system.ooxml
15:38:18.052 [main] TRACE - Loading type system org.apache.xmlbeans.metadata.system.sXMLCONFIG
15:38:18.053 [main] TRACE - Loading type system org.apache.xmlbeans.metadata.system.sXMLLANG
15:38:18.054 [main] TRACE - Loading type system org.apache.xmlbeans.metadata.system.sXMLSCHEMA
15:38:18.055 [main] TRACE - Loading type system org.apache.xmlbeans.metadata.system.sXMLTOOLS
15:38:18.059 [main] TRACE - Reading unresolved handles for type system org.apache.xmlbeans.metadata.system.sXMLTOOLS
15:38:18.086 [main] TRACE - Finished loading type system org.apache.xmlbeans.metadata.system.sXMLTOOLS
15:38:18.088 [main] TRACE - Reading unresolved handles for type system org.apache.xmlbeans.metadata.system.sXMLSCHEMA
15:38:18.096 [main] TRACE - Finished loading type system org.apache.xmlbeans.metadata.system.sXMLSCHEMA
15:38:18.098 [main] TRACE - Reading unresolved handles for type system org.apache.xmlbeans.metadata.system.sXMLLANG
15:38:18.099 [main] TRACE - Finished loading type system org.apache.xmlbeans.metadata.system.sXMLLANG
15:38:18.101 [main] TRACE - Reading unresolved handles for type system org.apache.xmlbeans.metadata.system.sXMLCONFIG
15:38:18.103 [main] TRACE - Finished loading type system org.apache.xmlbeans.metadata.system.sXMLCONFIG
15:38:18.104 [main] TRACE - Reading unresolved handles for type system org.apache.poi.schemas.ooxml.system.ooxml
15:38:18.205 [main] TRACE - Finished loading type system org.apache.poi.schemas.ooxml.system.ooxml
15:38:18.207 [main] TRACE - Resolving type for handle themefd26doctype
15:38:18.299 [main] TRACE - Resolving type for handle sstf81fdoctype
15:38:18.307 [main] TRACE - Resolving type for handle ctsst44f3type
15:38:18.323 [main] TRACE - Resolving type for handle ctrsta472type
15:38:18.356 [main] TRACE - Resolving type for handle stylesheet5d8bdoctype
15:38:18.389 [main] TRACE - Resolving type for handle ctstylesheet4257type
15:38:18.398 [main] TRACE - Resolving type for handle ctnumfmtsb58btype
15:38:18.402 [main] TRACE - Resolving type for handle ctnumfmt3870type
15:38:18.404 [main] TRACE - Resolving type for handle stnumfmtid76fbtype
15:38:18.406 [main] TRACE - Resolving type for handle stxstringf179type
15:38:18.410 [main] TRACE - Resolving type for handle ctfonts6623type
15:38:18.415 [main] TRACE - Resolving type for handle ctfont14d8type
15:38:18.425 [main] TRACE - Resolving type for handle ctfills2c6ftype
15:38:18.429 [main] TRACE - Resolving type for handle ctfill550ctype
15:38:18.432 [main] TRACE - Resolving type for handle ctborders0d66type
15:38:18.436 [main] TRACE - Resolving type for handle ctborderf935type
15:38:18.441 [main] TRACE - Resolving type for handle ctcellxfs1322type
15:38:18.445 [main] TRACE - Resolving type for handle ctxf97f7type
15:38:18.450 [main] TRACE - Resolving type for handle ctcellstylexfsa81ftype
15:38:18.455 [main] TRACE - Resolving type for handle ctdxfsb26atype
15:38:18.459 [main] TRACE - Resolving type for handle ctdxfa3b1type
15:38:18.465 [main] TRACE - Resolving type for handle cttablestyles872ftype
15:38:18.469 [main] TRACE - Resolving type for handle cttablestylea24ctype
15:38:18.583 [main] TRACE - Resolving type for handle cttablestyleelementa658type
15:38:18.587 [main] TRACE - Resolving type for handle sttablestyletype9936type
15:38:18.592 [main] TRACE - Resolving type for handle stdxfid9fdctype
15:38:18.615 [main] TRACE - Resolving type for handle workbookec17doctype
15:38:18.621 [main] TRACE - Resolving type for handle ctworkbook83c3type
15:38:18.629 [main] TRACE - Resolving type for handle ctsheets49fdtype
15:38:18.633 [main] TRACE - Resolving type for handle ctsheet4dbetype
15:38:18.636 [main] TRACE - Resolving type for handle strelationshipid1e94type
15:38:18.639 [main] TRACE - Resolving type for handle worksheetf539doctype
15:38:18.652 [main] TRACE - Resolving type for handle ctworksheet530dtype
15:38:18.666 [main] TRACE - Resolving type for handle ctcols627ctype
15:38:18.671 [main] TRACE - Resolving type for handle ctcola95ftype
15:38:18.703 [main] TRACE - Resolving type for handle ctsheetdata8408type
15:38:18.708 [main] TRACE - Resolving type for handle ctrowdd39type
15:38:18.716 [main] TRACE - Resolving type for handle ctcell842btype
15:38:18.728 [main] TRACE - Resolving type for handle stcellrefe4e0type
15:38:18.736 [main] TRACE - Resolving type for handle cthyperlinks6416type
15:38:18.740 [main] TRACE - Resolving type for handle cthyperlink0c85type
15:38:18.750 [main] TRACE - Resolving type for handle stcelltypebf95type
